AR/app/build/intermediates/manifest_merge_blame_file/debug/manifest-merger-blame-debug-report.txt
1<?xml version="1.0" encoding="utf-8"?>
2<manifest xmlns:android="http://schemas.android.com/apk/res/android"
3    package="uniparar.com"
4    android:versionCode="1"
5    android:versionName="1.0" >
6
7    <uses-sdk
8        android:minSdkVersion="21"
8-->src\main\AndroidManifest.xml
9        android:targetSdkVersion="32" />
9-->src\main\AndroidManifest.xml
10
11    <application
11-->src\main\AndroidManifest.xml:5:5-39:19
12        android:allowBackup="true"
12-->src\main\AndroidManifest.xml:6:9-35
13        android:appComponentFactory="androidx.core.app.CoreComponentFactory"
13-->[androidx.core:core:1.8.0] AndroidManifest.xml:24:18-86
14        android:dataExtractionRules="@xml/data_extraction_rules"
14-->src\main\AndroidManifest.xml:7:9-65
15        android:debuggable="true"
16        android:fullBackupContent="@xml/backup_rules"
16-->src\main\AndroidManifest.xml:8:9-54
17        android:icon="@mipmap/ic_launcher"
17-->src\main\AndroidManifest.xml:9:9-43
18        android:label="@string/app_name"
18-->src\main\AndroidManifest.xml:10:9-41
19        android:roundIcon="@mipmap/ic_launcher_round"
19-->src\main\AndroidManifest.xml:11:9-54
20        android:supportsRtl="true"
20-->src\main\AndroidManifest.xml:12:9-35
21        android:testOnly="true"
22        android:theme="@style/Theme.AR" >
22-->src\main\AndroidManifest.xml:13:9-40
23        <activity
23-->src\main\AndroidManifest.xml:15:9-23:20
24            android:name="uniparar.com.ActData"
24-->src\main\AndroidManifest.xml:16:13-36
25            android:exported="false"
25-->src\main\AndroidManifest.xml:17:13-37
26            android:label="@string/title_activity_act_dados"
26-->src\main\AndroidManifest.xml:18:13-61
27            android:theme="@style/Theme.AR.NoActionBar" >
27-->src\main\AndroidManifest.xml:19:13-56
28            <meta-data
28-->src\main\AndroidManifest.xml:20:13-22:36
29                android:name="android.app.lib_name"
29-->src\main\AndroidManifest.xml:21:17-52
30                android:value="" />
30-->src\main\AndroidManifest.xml:22:17-33
31        </activity>
32        <activity
32-->src\main\AndroidManifest.xml:24:9-38:20
33            android:name="uniparar.com.ActMain"
33-->src\main\AndroidManifest.xml:25:13-36
34            android:exported="true"
34-->src\main\AndroidManifest.xml:26:13-36
35            android:label="@string/title_activity_act_janela_principal"
35-->src\main\AndroidManifest.xml:27:13-72
36            android:theme="@style/Theme.AR.NoActionBar" >
36-->src\main\AndroidManifest.xml:28:13-56
37            <intent-filter>
37-->src\main\AndroidManifest.xml:29:13-33:29
38                <action android:name="android.intent.action.MAIN" />
38-->src\main\AndroidManifest.xml:30:17-69
38-->src\main\AndroidManifest.xml:30:25-66
39
40                <category android:name="android.intent.category.LAUNCHER" />
40-->src\main\AndroidManifest.xml:32:17-77
40-->src\main\AndroidManifest.xml:32:27-74
41            </intent-filter>
42
43            <meta-data
43-->src\main\AndroidManifest.xml:20:13-22:36
44                android:name="android.app.lib_name"
44-->src\main\AndroidManifest.xml:21:17-52
45                android:value="" />
45-->src\main\AndroidManifest.xml:22:17-33
46        </activity>
47
48        <provider
48-->[androidx.emoji2:emoji2:1.2.0] AndroidManifest.xml:24:9-32:20
49            android:name="androidx.startup.InitializationProvider"
49-->[androidx.emoji2:emoji2:1.2.0] AndroidManifest.xml:25:13-67
50            android:authorities="uniparar.com.androidx-startup"
50-->[androidx.emoji2:emoji2:1.2.0] AndroidManifest.xml:26:13-68
51            android:exported="false" >
51-->[androidx.emoji2:emoji2:1.2.0] AndroidManifest.xml:27:13-37
52            <meta-data
52-->[androidx.emoji2:emoji2:1.2.0] AndroidManifest.xml:29:13-31:52
53                android:name="androidx.emoji2.text.EmojiCompatInitializer"
53-->[androidx.emoji2:emoji2:1.2.0] AndroidManifest.xml:30:17-75
54                android:value="androidx.startup" />
54-->[androidx.emoji2:emoji2:1.2.0] AndroidManifest.xml:31:17-49
55            <meta-data
55-->[androidx.lifecycle:lifecycle-process:2.4.1] AndroidManifest.xml:31:13-33:52
56                android:name="androidx.lifecycle.ProcessLifecycleInitializer"
56-->[androidx.lifecycle:lifecycle-process:2.4.1] AndroidManifest.xml:32:17-78
57                android:value="androidx.startup" />
57-->[androidx.lifecycle:lifecycle-process:2.4.1] AndroidManifest.xml:33:17-49
58        </provider>
59
60        <uses-library
60-->[androidx.window:window:1.0.0] AndroidManifest.xml:25:9-27:40
61            android:name="androidx.window.extensions"
61-->[androidx.window:window:1.0.0] AndroidManifest.xml:26:13-54
62            android:required="false" />
62-->[androidx.window:window:1.0.0] AndroidManifest.xml:27:13-37
63        <uses-library
63-->[androidx.window:window:1.0.0] AndroidManifest.xml:28:9-30:40
64            android:name="androidx.window.sidecar"
64-->[androidx.window:window:1.0.0] AndroidManifest.xml:29:13-51
65            android:required="false" />
65-->[androidx.window:window:1.0.0] AndroidManifest.xml:30:13-37
66    </application>
67
68</manifest>